<?xml version="1.0" encoding="UTF-8"?>
<!-- Generated by org.testng.reporters.JUnitXMLReporter -->
<testsuite ignored="0" hostname="DESKTOP-V4MHMKL" failures="1" tests="9" name="Surefire test" time="37.641" errors="0" timestamp="2026-06-02T03:04:08 GMT-04:00">
  <testcase classname="Test.CheckOutNegativeTest" name="emptyUserDetails" time="1.38"/>
  <testcase classname="Test.CheckOutTest" name="verifyCheckout" time="3.149"/>
  <testcase classname="Test.LoginNegativeTest" name="emptyFields" time="0.835"/>
  <testcase classname="Test.LoginNegativeTest" name="invalidCredentials" time="0.782"/>
  <testcase classname="Test.LoginTest" name="validationCredentials" time="1.017"/>
  <testcase classname="Test.ProductAddToCartNegativeTest" name="addProductWithoutLogin" time="0.471"/>
  <testcase classname="Test.ProductAddToCartNegativeTest" name="cartEmptyAfterLogin" time="2.931">
    <failure type="java.lang.AssertionError" message="expected [0] but found [2]">
      <![CDATA[java.lang.AssertionError: expected [0] but found [2]
at Test.ProductAddToCartNegativeTest.cartEmptyAfterLogin(ProductAddToCartNegativeTest.java:32)
at java.base/java.util.ArrayList.forEach(ArrayList.java:1604)
... Removed 37 stack frames]]>
    </failure>
  </testcase> <!-- cartEmptyAfterLogin -->
  <testcase classname="Test.ProductAddToCartTest" name="addMultipleItemToCart" time="2.305"/>
  <testcase classname="Test.ProductAddToCartTest" name="addSingleItemToCart" time="1.628"/>
</testsuite> <!-- Surefire test -->
