<?xml version="1.0" encoding="UTF-8"?>
<testng-results ignored="0" total="9" passed="8" failed="1" skipped="0">
  <reporter-output>
  </reporter-output>
  <suite started-at="2026-06-02T03:03:30 GMT-04:00" name="Surefire suite" finished-at="2026-06-02T03:04:08 GMT-04:00" duration-ms="37641">
    <groups>
    </groups>
    <test started-at="2026-06-02T03:03:30 GMT-04:00" name="Surefire test" finished-at="2026-06-02T03:04:08 GMT-04:00" duration-ms="37641">
      <class name="Test.ProductAddToCartNegativeTest">
        <test-method is-config="true" signature="setupBrowser()[pri:0, instance:Test.ProductAddToCartNegativeTest@78047b92]" started-at="2026-06-02T03:03:51 GMT-04:00" name="setupBrowser" finished-at="2026-06-02T03:03:53 GMT-04:00" duration-ms="2214" status="PASS">
          <reporter-output>
          </reporter-output>
        </test-method> <!-- setupBrowser -->
        <test-method signature="addProductWithoutLogin()[pri:0, instance:Test.ProductAddToCartNegativeTest@78047b92]" started-at="2026-06-02T03:03:53 GMT-04:00" name="addProductWithoutLogin" finished-at="2026-06-02T03:03:54 GMT-04:00" duration-ms="471" status="PASS">
          <reporter-output>
          </reporter-output>
        </test-method> <!-- addProductWithoutLogin -->
        <test-method is-config="true" signature="tearDown()[pri:0, instance:Test.ProductAddToCartNegativeTest@78047b92]" started-at="2026-06-02T03:03:54 GMT-04:00" name="tearDown" finished-at="2026-06-02T03:03:54 GMT-04:00" duration-ms="364" status="PASS">
          <reporter-output>
          </reporter-output>
        </test-method> <!-- tearDown -->
        <test-method is-config="true" signature="setupBrowser()[pri:0, instance:Test.ProductAddToCartNegativeTest@78047b92]" started-at="2026-06-02T03:03:54 GMT-04:00" name="setupBrowser" finished-at="2026-06-02T03:03:56 GMT-04:00" duration-ms="1969" status="PASS">
          <reporter-output>
          </reporter-output>
        </test-method> <!-- setupBrowser -->
        <test-method signature="cartEmptyAfterLogin()[pri:0, instance:Test.ProductAddToCartNegativeTest@78047b92]" started-at="2026-06-02T03:03:56 GMT-04:00" name="cartEmptyAfterLogin" finished-at="2026-06-02T03:03:59 GMT-04:00" duration-ms="2931" status="FAIL">
          <exception class="java.lang.AssertionError">
            <message>
              <![CDATA[expected [0] but found [2]]]>
            </message>
            <full-stacktrace>
              <![CDATA[java.lang.AssertionError: expected [0] but found [2]
at org.testng.Assert.fail(Assert.java:111)
at org.testng.Assert.failNotEquals(Assert.java:1590)
at org.testng.Assert.assertEqualsImpl(Assert.java:150)
at org.testng.Assert.assertEquals(Assert.java:132)
at org.testng.Assert.assertEquals(Assert.java:1431)
at org.testng.Assert.assertEquals(Assert.java:1395)
at org.testng.Assert.assertEquals(Assert.java:1441)
at Test.ProductAddToCartNegativeTest.cartEmptyAfterLogin(ProductAddToCartNegativeTest.java:32)
at java.base/jdk.internal.reflect.DirectMethodHandleAccessor.invoke(DirectMethodHandleAccessor.java:104)
at java.base/java.lang.reflect.Method.invoke(Method.java:565)
at org.testng.internal.invokers.MethodInvocationHelper.invokeMethod(MethodInvocationHelper.java:141)
at org.testng.internal.invokers.TestInvoker.invokeMethod(TestInvoker.java:697)
at org.testng.internal.invokers.TestInvoker.invokeTestMethod(TestInvoker.java:230)
at org.testng.internal.invokers.MethodRunner.runInSequence(MethodRunner.java:63)
at org.testng.internal.invokers.TestInvoker$MethodInvocationAgent.invoke(TestInvoker.java:1005)
at org.testng.internal.invokers.TestInvoker.invokeTestMethods(TestInvoker.java:203)
at org.testng.internal.invokers.TestMethodWorker.invokeTestMethods(TestMethodWorker.java:154)
at org.testng.internal.invokers.TestMethodWorker.run(TestMethodWorker.java:134)
at java.base/java.util.ArrayList.forEach(ArrayList.java:1604)
at org.testng.TestRunner.privateRun(TestRunner.java:744)
at org.testng.TestRunner.run(TestRunner.java:616)
at org.testng.SuiteRunner.runTest(SuiteRunner.java:421)
at org.testng.SuiteRunner.runSequentially(SuiteRunner.java:413)
at org.testng.SuiteRunner.privateRun(SuiteRunner.java:373)
at org.testng.SuiteRunner.run(SuiteRunner.java:312)
at org.testng.SuiteRunnerWorker.runSuite(SuiteRunnerWorker.java:52)
at org.testng.SuiteRunnerWorker.run(SuiteRunnerWorker.java:95)
at org.testng.TestNG.runSuitesSequentially(TestNG.java:1274)
at org.testng.TestNG.runSuitesLocally(TestNG.java:1208)
at org.testng.TestNG.runSuites(TestNG.java:1112)
at org.testng.TestNG.run(TestNG.java:1079)
at org.apache.maven.surefire.testng.TestNGExecutor.run(TestNGExecutor.java:155)
at org.apache.maven.surefire.testng.TestNGDirectoryTestSuite.executeMulti(TestNGDirectoryTestSuite.java:169)
at org.apache.maven.surefire.testng.TestNGDirectoryTestSuite.execute(TestNGDirectoryTestSuite.java:88)
at org.apache.maven.surefire.testng.TestNGProvider.invoke(TestNGProvider.java:137)
at org.apache.maven.surefire.booter.ForkedBooter.runSuitesInProcess(ForkedBooter.java:385)
at org.apache.maven.surefire.booter.ForkedBooter.execute(ForkedBooter.java:162)
at org.apache.maven.surefire.booter.ForkedBooter.run(ForkedBooter.java:507)
at org.apache.maven.surefire.booter.ForkedBooter.main(ForkedBooter.java:495)
]]>
            </full-stacktrace>
          </exception> <!-- java.lang.AssertionError -->
          <reporter-output>
          </reporter-output>
        </test-method> <!-- cartEmptyAfterLogin -->
        <test-method is-config="true" signature="tearDown()[pri:0, instance:Test.ProductAddToCartNegativeTest@78047b92]" started-at="2026-06-02T03:03:59 GMT-04:00" name="tearDown" finished-at="2026-06-02T03:03:59 GMT-04:00" duration-ms="239" status="PASS">
          <reporter-output>
          </reporter-output>
        </test-method> <!-- tearDown -->
      </class> <!-- Test.ProductAddToCartNegativeTest -->
      <class name="Test.CheckOutTest">
        <test-method is-config="true" signature="setupBrowser()[pri:0, instance:Test.CheckOutTest@11dc3715]" started-at="2026-06-02T03:03:35 GMT-04:00" name="setupBrowser" finished-at="2026-06-02T03:03:37 GMT-04:00" duration-ms="1888" status="PASS">
          <reporter-output>
          </reporter-output>
        </test-method> <!-- setupBrowser -->
        <test-method signature="verifyCheckout()[pri:0, instance:Test.CheckOutTest@11dc3715]" started-at="2026-06-02T03:03:37 GMT-04:00" name="verifyCheckout" finished-at="2026-06-02T03:03:40 GMT-04:00" duration-ms="3149" status="PASS">
          <reporter-output>
          </reporter-output>
        </test-method> <!-- verifyCheckout -->
        <test-method is-config="true" signature="tearDown()[pri:0, instance:Test.CheckOutTest@11dc3715]" started-at="2026-06-02T03:03:40 GMT-04:00" name="tearDown" finished-at="2026-06-02T03:03:40 GMT-04:00" duration-ms="220" status="PASS">
          <reporter-output>
          </reporter-output>
        </test-method> <!-- tearDown -->
      </class> <!-- Test.CheckOutTest -->
      <class name="Test.LoginNegativeTest">
        <test-method is-config="true" signature="setupBrowser()[pri:0, instance:Test.LoginNegativeTest@69930714]" started-at="2026-06-02T03:03:40 GMT-04:00" name="setupBrowser" finished-at="2026-06-02T03:03:43 GMT-04:00" duration-ms="2460" status="PASS">
          <reporter-output>
          </reporter-output>
        </test-method> <!-- setupBrowser -->
        <test-method signature="emptyFields()[pri:0, instance:Test.LoginNegativeTest@69930714]" started-at="2026-06-02T03:03:43 GMT-04:00" name="emptyFields" finished-at="2026-06-02T03:03:44 GMT-04:00" duration-ms="835" status="PASS">
          <reporter-output>
          </reporter-output>
        </test-method> <!-- emptyFields -->
        <test-method is-config="true" signature="tearDown()[pri:0, instance:Test.LoginNegativeTest@69930714]" started-at="2026-06-02T03:03:44 GMT-04:00" name="tearDown" finished-at="2026-06-02T03:03:44 GMT-04:00" duration-ms="313" status="PASS">
          <reporter-output>
          </reporter-output>
        </test-method> <!-- tearDown -->
        <test-method is-config="true" signature="setupBrowser()[pri:0, instance:Test.LoginNegativeTest@69930714]" started-at="2026-06-02T03:03:44 GMT-04:00" name="setupBrowser" finished-at="2026-06-02T03:03:46 GMT-04:00" duration-ms="2101" status="PASS">
          <reporter-output>
          </reporter-output>
        </test-method> <!-- setupBrowser -->
        <test-method signature="invalidCredentials()[pri:0, instance:Test.LoginNegativeTest@69930714]" started-at="2026-06-02T03:03:46 GMT-04:00" name="invalidCredentials" finished-at="2026-06-02T03:03:47 GMT-04:00" duration-ms="782" status="PASS">
          <reporter-output>
          </reporter-output>
        </test-method> <!-- invalidCredentials -->
        <test-method is-config="true" signature="tearDown()[pri:0, instance:Test.LoginNegativeTest@69930714]" started-at="2026-06-02T03:03:47 GMT-04:00" name="tearDown" finished-at="2026-06-02T03:03:47 GMT-04:00" duration-ms="335" status="PASS">
          <reporter-output>
          </reporter-output>
        </test-method> <!-- tearDown -->
      </class> <!-- Test.LoginNegativeTest -->
      <class name="Test.CheckOutNegativeTest">
        <test-method is-config="true" signature="setupBrowser()[pri:0, instance:Test.CheckOutNegativeTest@a4102b8]" started-at="2026-06-02T03:03:30 GMT-04:00" name="setupBrowser" finished-at="2026-06-02T03:03:33 GMT-04:00" duration-ms="2872" status="PASS">
          <reporter-output>
          </reporter-output>
        </test-method> <!-- setupBrowser -->
        <test-method signature="emptyUserDetails()[pri:0, instance:Test.CheckOutNegativeTest@a4102b8]" started-at="2026-06-02T03:03:33 GMT-04:00" name="emptyUserDetails" finished-at="2026-06-02T03:03:35 GMT-04:00" duration-ms="1380" status="PASS">
          <reporter-output>
          </reporter-output>
        </test-method> <!-- emptyUserDetails -->
        <test-method is-config="true" signature="tearDown()[pri:0, instance:Test.CheckOutNegativeTest@a4102b8]" started-at="2026-06-02T03:03:35 GMT-04:00" name="tearDown" finished-at="2026-06-02T03:03:35 GMT-04:00" duration-ms="233" status="PASS">
          <reporter-output>
          </reporter-output>
        </test-method> <!-- tearDown -->
      </class> <!-- Test.CheckOutNegativeTest -->
      <class name="Test.ProductAddToCartTest">
        <test-method is-config="true" signature="setupBrowser()[pri:0, instance:Test.ProductAddToCartTest@8909f18]" started-at="2026-06-02T03:03:59 GMT-04:00" name="setupBrowser" finished-at="2026-06-02T03:04:02 GMT-04:00" duration-ms="2354" status="PASS">
          <reporter-output>
          </reporter-output>
        </test-method> <!-- setupBrowser -->
        <test-method signature="addMultipleItemToCart()[pri:0, instance:Test.ProductAddToCartTest@8909f18]" started-at="2026-06-02T03:04:02 GMT-04:00" name="addMultipleItemToCart" finished-at="2026-06-02T03:04:04 GMT-04:00" duration-ms="2305" status="PASS">
          <reporter-output>
          </reporter-output>
        </test-method> <!-- addMultipleItemToCart -->
        <test-method is-config="true" signature="tearDown()[pri:0, instance:Test.ProductAddToCartTest@8909f18]" started-at="2026-06-02T03:04:04 GMT-04:00" name="tearDown" finished-at="2026-06-02T03:04:04 GMT-04:00" duration-ms="350" status="PASS">
          <reporter-output>
          </reporter-output>
        </test-method> <!-- tearDown -->
        <test-method is-config="true" signature="setupBrowser()[pri:0, instance:Test.ProductAddToCartTest@8909f18]" started-at="2026-06-02T03:04:04 GMT-04:00" name="setupBrowser" finished-at="2026-06-02T03:04:06 GMT-04:00" duration-ms="1814" status="PASS">
          <reporter-output>
          </reporter-output>
        </test-method> <!-- setupBrowser -->
        <test-method signature="addSingleItemToCart()[pri:0, instance:Test.ProductAddToCartTest@8909f18]" started-at="2026-06-02T03:04:06 GMT-04:00" name="addSingleItemToCart" finished-at="2026-06-02T03:04:08 GMT-04:00" duration-ms="1628" status="PASS">
          <reporter-output>
          </reporter-output>
        </test-method> <!-- addSingleItemToCart -->
        <test-method is-config="true" signature="tearDown()[pri:0, instance:Test.ProductAddToCartTest@8909f18]" started-at="2026-06-02T03:04:08 GMT-04:00" name="tearDown" finished-at="2026-06-02T03:04:08 GMT-04:00" duration-ms="323" status="PASS">
          <reporter-output>
          </reporter-output>
        </test-method> <!-- tearDown -->
      </class> <!-- Test.ProductAddToCartTest -->
      <class name="Test.LoginTest">
        <test-method is-config="true" signature="setupBrowser()[pri:0, instance:Test.LoginTest@7a52f2a2]" started-at="2026-06-02T03:03:47 GMT-04:00" name="setupBrowser" finished-at="2026-06-02T03:03:50 GMT-04:00" duration-ms="2654" status="PASS">
          <reporter-output>
          </reporter-output>
        </test-method> <!-- setupBrowser -->
        <test-method signature="validationCredentials()[pri:0, instance:Test.LoginTest@7a52f2a2]" started-at="2026-06-02T03:03:50 GMT-04:00" name="validationCredentials" finished-at="2026-06-02T03:03:51 GMT-04:00" duration-ms="1017" status="PASS">
          <reporter-output>
          </reporter-output>
        </test-method> <!-- validationCredentials -->
        <test-method is-config="true" signature="tearDown()[pri:0, instance:Test.LoginTest@7a52f2a2]" started-at="2026-06-02T03:03:51 GMT-04:00" name="tearDown" finished-at="2026-06-02T03:03:51 GMT-04:00" duration-ms="382" status="PASS">
          <reporter-output>
          </reporter-output>
        </test-method> <!-- tearDown -->
      </class> <!-- Test.LoginTest -->
    </test> <!-- Surefire test -->
  </suite> <!-- Surefire suite -->
</testng-results>
