<?xml version="1.0" encoding="UTF-8"?>
<!-- Generated by org.testng.reporters.JUnitReportReporter -->
<testsuite hostname="DESKTOP-V4MHMKL" failures="0" tests="2" name="Test.ProductAddToCartTest" time="8.774" errors="0" timestamp="2026-06-02T03:04:08 GMT-04:00" skipped="0">
  <testcase classname="Test.ProductAddToCartTest" name="addMultipleItemToCart" time="5.009"/>
  <testcase classname="Test.ProductAddToCartTest" name="addSingleItemToCart" time="3.765"/>
</testsuite> <!-- Test.ProductAddToCartTest -->
